Flow report for msrv32_instruction_decoder
Mon Jun 26 18:56:20 2023
Quartus Prime Version 17.1.0 Build 590 10/25/2017 SJ Lite Edition


---------------------
; Table of Contents ;
---------------------
  1. Legal Notice
  2. Flow Summary
  3. Flow Settings
  4. Flow Non-Default Global Settings
  5. Flow Elapsed Time
  6. Flow OS Summary
  7. Flow Log
  8. Flow Messages
  9. Flow Suppressed Messages



----------------
; Legal Notice ;
----------------
Copyright (C) 2017  Intel Corporation. All rights reserved.
Your use of Intel Corporation's design tools, logic functions 
and other software and tools, and its AMPP partner logic 
functions, and any output files from any of the foregoing 
(including device programming or simulation files), and any 
associated documentation or information are expressly subject 
to the terms and conditions of the Intel Program License 
Subscription Agreement, the Intel Quartus Prime License Agreement,
the Intel FPGA IP License Agreement, or other applicable license
agreement, including, without limitation, that your use is for
the sole purpose of programming logic devices manufactured by
Intel and sold by Intel or its authorized distributors.  Please
refer to the applicable agreement for further details.



+---------------------------------------------------------------------+
; Flow Summary                                                        ;
+-----------------------+---------------------------------------------+
; Flow Status           ; Flow Failed - Mon Jun 26 18:56:20 2023      ;
; Quartus Prime Version ; 17.1.0 Build 590 10/25/2017 SJ Lite Edition ;
; Revision Name         ; msrv32_instruction_decoder                  ;
; Top-level Entity Name ; msrv32_top                                  ;
; Family                ; MAX V                                       ;
; Total logic elements  ; 5,047                                       ;
; Total pins            ; 239                                         ;
; Total virtual pins    ; 0                                           ;
; UFM blocks            ; 0                                           ;
+-----------------------+---------------------------------------------+


+------------------------------------------------+
; Flow Settings                                  ;
+-------------------+----------------------------+
; Option            ; Setting                    ;
+-------------------+----------------------------+
; Start date & time ; 06/26/2023 18:55:14        ;
; Main task         ; Compilation                ;
; Revision Name     ; msrv32_instruction_decoder ;
+-------------------+----------------------------+


+------------------------------------------------------------------------------------------------------------------+
; Flow Non-Default Global Settings                                                                                 ;
+--------------------------+-------------------------------+----------------------------+-------------+------------+
; Assignment Name          ; Value                         ; Default Value              ; Entity Name ; Section Id ;
+--------------------------+-------------------------------+----------------------------+-------------+------------+
; COMPILER_SIGNATURE_ID    ; 1095964568154.168778591413280 ; --                         ; --          ; --         ;
; PROJECT_OUTPUT_DIRECTORY ; output_files                  ; --                         ; --          ; --         ;
; TOP_LEVEL_ENTITY         ; msrv32_top                    ; msrv32_instruction_decoder ; --          ; --         ;
+--------------------------+-------------------------------+----------------------------+-------------+------------+


+--------------------------------------------------------------------------------------------------------------------------+
; Flow Elapsed Time                                                                                                        ;
+----------------------+--------------+-------------------------+---------------------+------------------------------------+
; Module Name          ; Elapsed Time ; Average Processors Used ; Peak Virtual Memory ; Total CPU Time (on all processors) ;
+----------------------+--------------+-------------------------+---------------------+------------------------------------+
; Analysis & Synthesis ; 00:01:02     ; 1.0                     ; 4734 MB             ; 00:01:09                           ;
; Fitter               ; 00:00:02     ; 1.0                     ; 4844 MB             ; 00:00:02                           ;
; Total                ; 00:01:04     ; --                      ; --                  ; 00:01:11                           ;
+----------------------+--------------+-------------------------+---------------------+------------------------------------+


+------------------------------------------------------------------------------------+
; Flow OS Summary                                                                    ;
+----------------------+------------------+------------+------------+----------------+
; Module Name          ; Machine Hostname ; OS Name    ; OS Version ; Processor type ;
+----------------------+------------------+------------+------------+----------------+
; Analysis & Synthesis ; DESKTOP-UJFME2P  ; Windows 10 ; 10.0       ; x86_64         ;
; Fitter               ; DESKTOP-UJFME2P  ; Windows 10 ; 10.0       ; x86_64         ;
+----------------------+------------------+------------+------------+----------------+


------------
; Flow Log ;
------------
quartus_map --read_settings_files=on --write_settings_files=off msrv32_instruction_decoder -c msrv32_instruction_decoder
quartus_fit --read_settings_files=off --write_settings_files=off msrv32_instruction_decoder -c msrv32_instruction_decoder



